2020-07-20 11:03:04.486  INFO 9156 --- [main] r.i.s.SpringBootDemoApplication          : Starting SpringBootDemoApplication on DESKTOP-DDH3L4K with PID 9156 (started by moi komputer in C:\Users\moi komputer\Desktop\practice)
2020-07-20 11:03:04.493  INFO 9156 --- [main] r.i.s.SpringBootDemoApplication          : No active profile set, falling back to default profiles: default
2020-07-20 11:03:09.378  INFO 9156 --- [main] o.apache.catalina.core.StandardService   : Starting service [Tomcat]
2020-07-20 11:03:09.379  INFO 9156 --- [main] org.apache.catalina.core.StandardEngine  : Starting Servlet engine: [Apache Tomcat/9.0.17]
2020-07-20 11:03:09.655  INFO 9156 --- [main] o.a.c.c.C.[Tomcat].[localhost].[/]       : Initializing Spring embedded WebApplicationContext
2020-07-20 11:03:10.109  INFO 9156 --- [main] com.zaxxer.hikari.HikariDataSource       : HikariPool-1 - Starting...
2020-07-20 11:03:12.695  INFO 9156 --- [main] com.zaxxer.hikari.HikariDataSource       : HikariPool-1 - Start completed.
2020-07-20 11:03:12.881  INFO 9156 --- [main] o.hibernate.jpa.internal.util.LogHelper  : HHH000204: Processing PersistenceUnitInfo [
	name: default
	...]
2020-07-20 11:03:13.412  INFO 9156 --- [main] org.hibernate.Version                    : HHH000412: Hibernate Core {5.3.9.Final}
2020-07-20 11:03:13.414  INFO 9156 --- [main] org.hibernate.cfg.Environment            : HHH000206: hibernate.properties not found
2020-07-20 11:03:14.448  INFO 9156 --- [main] o.hibernate.annotations.common.Version   : HCANN000001: Hibernate Commons Annotations {5.0.4.Final}
2020-07-20 11:03:15.528  INFO 9156 --- [main] org.hibernate.dialect.Dialect            : HHH000400: Using dialect: org.hibernate.dialect.PostgreSQL95Dialect
2020-07-20 11:03:15.603  INFO 9156 --- [main] o.h.e.j.e.i.LobCreatorBuilderImpl        : HHH000422: Disabling contextual LOB creation as connection was null
2020-07-20 11:03:15.637  INFO 9156 --- [main] org.hibernate.type.BasicTypeRegistry     : HHH000270: Type registration [java.util.UUID] overrides previous : org.hibernate.type.UUIDBinaryType@4364712f
2020-07-20 11:03:23.411  INFO 9156 --- [main] r.i.s.SpringBootDemoApplication          : Started SpringBootDemoApplication in 20.725 seconds (JVM running for 24.75)
2020-07-20 11:04:02.490  INFO 9156 --- [http-nio-80-exec-1] o.apache.tomcat.util.http.parser.Cookie  : A cookie header was received [0; __hstc=181257784.227cc99ebc38c7c4d1377c8c8742cd10.1594557719553.1594664476892.1594672067987.5; __cid=30a47e81-1f5c-4c72-9652-342574dcc5d2-938fb69c7061bffb4617a15c; tmr_reqNum=446] that contained an invalid cookie. That cookie will be ignored.
 Note: further occurrences of this error will be logged at DEBUG level.
2020-07-20 11:04:02.504  INFO 9156 --- [http-nio-80-exec-1] o.a.c.c.C.[Tomcat].[localhost].[/]       : Initializing Spring DispatcherServlet 'dispatcherServlet'
2020-07-20 11:04:32.688  INFO 9156 --- [http-nio-80-exec-2] r.i.s.controllers.RootController         : url:  https://telegram.org, time: Mon Jul 20 11:04:32 MSK 2020, ip: 0:0:0:0:0:0:0:1 
2020-07-20 11:05:16.873  INFO 9520 --- [main] r.i.s.SpringBootDemoApplication          : Starting SpringBootDemoApplication on DESKTOP-DDH3L4K with PID 9520 (started by moi komputer in C:\Users\moi komputer\Desktop\practice)
2020-07-20 11:05:16.881  INFO 9520 --- [main] r.i.s.SpringBootDemoApplication          : No active profile set, falling back to default profiles: default
2020-07-20 11:05:18.826  INFO 9520 --- [main] .s.d.r.c.RepositoryConfigurationDelegate : Bootstrapping Spring Data repositories in DEFAULT mode.
2020-07-20 11:05:18.973  INFO 9520 --- [main] .s.d.r.c.RepositoryConfigurationDelegate : Finished Spring Data repository scanning in 131ms. Found 2 repository interfaces.
2020-07-20 11:05:19.658  INFO 9520 --- [main] trationDelegate$BeanPostProcessorChecker : Bean 'org.springframework.transaction.annotation.ProxyTransactionManagementConfiguration' of type [org.springframework.transaction.annotation.ProxyTransactionManagementConfiguration$$EnhancerBySpringCGLIB$$75b7c8f1] is not eligible for getting processed by all BeanPostProcessors (for example: not eligible for auto-proxying)
2020-07-20 11:05:20.213  INFO 9520 --- [main] o.s.b.w.embedded.tomcat.TomcatWebServer  : Tomcat initialized with port(s): 80 (http)
2020-07-20 11:05:20.249  INFO 9520 --- [main] o.apache.catalina.core.StandardService   : Starting service [Tomcat]
2020-07-20 11:05:20.250  INFO 9520 --- [main] org.apache.catalina.core.StandardEngine  : Starting Servlet engine: [Apache Tomcat/9.0.17]
2020-07-20 11:05:20.476  INFO 9520 --- [main] o.a.c.c.C.[Tomcat].[localhost].[/]       : Initializing Spring embedded WebApplicationContext
2020-07-20 11:05:20.477  INFO 9520 --- [main] o.s.web.context.ContextLoader            : Root WebApplicationContext: initialization completed in 3462 ms
2020-07-20 11:05:20.729  INFO 9520 --- [main] com.zaxxer.hikari.HikariDataSource       : HikariPool-1 - Starting...
2020-07-20 11:05:22.773  INFO 9520 --- [main] com.zaxxer.hikari.HikariDataSource       : HikariPool-1 - Start completed.
2020-07-20 11:05:22.847  INFO 9520 --- [main] o.hibernate.jpa.internal.util.LogHelper  : HHH000204: Processing PersistenceUnitInfo [
	name: default
	...]
2020-07-20 11:05:22.938  INFO 9520 --- [main] org.hibernate.Version                    : HHH000412: Hibernate Core {5.3.9.Final}
2020-07-20 11:05:22.942  INFO 9520 --- [main] org.hibernate.cfg.Environment            : HHH000206: hibernate.properties not found
2020-07-20 11:05:23.172  INFO 9520 --- [main] o.hibernate.annotations.common.Version   : HCANN000001: Hibernate Commons Annotations {5.0.4.Final}
2020-07-20 11:05:23.376  INFO 9520 --- [main] org.hibernate.dialect.Dialect            : HHH000400: Using dialect: org.hibernate.dialect.PostgreSQL95Dialect
2020-07-20 11:05:23.408  INFO 9520 --- [main] o.h.e.j.e.i.LobCreatorBuilderImpl        : HHH000422: Disabling contextual LOB creation as connection was null
2020-07-20 11:05:23.420  INFO 9520 --- [main] org.hibernate.type.BasicTypeRegistry     : HHH000270: Type registration [java.util.UUID] overrides previous : org.hibernate.type.UUIDBinaryType@797c3c3b
2020-07-20 11:05:28.363  INFO 9520 --- [main] j.LocalContainerEntityManagerFactoryBean : Initialized JPA EntityManagerFactory for persistence unit 'default'
2020-07-20 11:05:29.307  INFO 9520 --- [main] o.s.s.web.DefaultSecurityFilterChain     : Creating filter chain: any request, [org.springframework.security.web.context.request.async.WebAsyncManagerIntegrationFilter@3a3883c4, org.springframework.security.web.context.SecurityContextPersistenceFilter@6c07ad6b, org.springframework.security.web.header.HeaderWriterFilter@6d874695, org.springframework.security.web.authentication.logout.LogoutFilter@1c1fa494, org.springframework.security.web.authentication.UsernamePasswordAuthenticationFilter@24a4e2c5, org.springframework.security.web.savedrequest.RequestCacheAwareFilter@76e4212, org.springframework.security.web.servletapi.SecurityContextHolderAwareRequestFilter@3cc9632d, org.springframework.security.web.authentication.AnonymousAuthenticationFilter@1537e43, org.springframework.security.web.session.SessionManagementFilter@79add732, org.springframework.security.web.access.ExceptionTranslationFilter@4703c998, org.springframework.security.web.access.intercept.FilterSecurityInterceptor@68bd8ca7]
2020-07-20 11:05:29.566  INFO 9520 --- [main] o.s.s.concurrent.ThreadPoolTaskExecutor  : Initializing ExecutorService 'applicationTaskExecutor'
2020-07-20 11:05:29.625  WARN 9520 --- [main] aWebConfiguration$JpaWebMvcConfiguration : spring.jpa.open-in-view is enabled by default. Therefore, database queries may be performed during view rendering. Explicitly configure spring.jpa.open-in-view to disable this warning
2020-07-20 11:05:29.728  INFO 9520 --- [main] o.s.b.a.w.s.WelcomePageHandlerMapping    : Adding welcome page template: index
2020-07-20 11:05:29.994  INFO 9520 --- [main] o.s.b.w.embedded.tomcat.TomcatWebServer  : Tomcat started on port(s): 80 (http) with context path ''
2020-07-20 11:05:29.998  INFO 9520 --- [main] r.i.s.SpringBootDemoApplication          : Started SpringBootDemoApplication in 14.015 seconds (JVM running for 16.344)
2020-07-20 11:05:33.082  INFO 9520 --- [http-nio-80-exec-1] o.apache.tomcat.util.http.parser.Cookie  : A cookie header was received [0; __hstc=181257784.227cc99ebc38c7c4d1377c8c8742cd10.1594557719553.1594664476892.1594672067987.5; __cid=30a47e81-1f5c-4c72-9652-342574dcc5d2-938fb69c7061bffb4617a15c; tmr_reqNum=446; _gid=GA1.1.1737646298.1595232274; _gat=1] that contained an invalid cookie. That cookie will be ignored.
 Note: further occurrences of this error will be logged at DEBUG level.
2020-07-20 11:05:33.093  INFO 9520 --- [http-nio-80-exec-1] o.a.c.c.C.[Tomcat].[localhost].[/]       : Initializing Spring DispatcherServlet 'dispatcherServlet'
2020-07-20 11:05:33.094  INFO 9520 --- [http-nio-80-exec-1] o.s.web.servlet.DispatcherServlet        : Initializing Servlet 'dispatcherServlet'
2020-07-20 11:05:33.105  INFO 9520 --- [http-nio-80-exec-1] o.s.web.servlet.DispatcherServlet        : Completed initialization in 11 ms
2020-07-20 11:05:34.237  INFO 9520 --- [http-nio-80-exec-1] r.i.s.controllers.RootController         : url:  https://telegram.org, time: Mon Jul 20 11:05:34 MSK 2020, ip: 0:0:0:0:0:0:0:1 
2020-07-20 11:20:13.957  INFO 9520 --- [http-nio-80-exec-7] r.i.s.controllers.RootController         : url:  https://github.com, time: Mon Jul 20 11:20:13 MSK 2020, ip: 0:0:0:0:0:0:0:1 
2020-07-20 12:27:57.697  INFO 1988 --- [main] r.i.s.SpringBootDemoApplication          : Starting SpringBootDemoApplication on DESKTOP-DDH3L4K with PID 1988 (started by moi komputer in C:\Users\moi komputer\Desktop\practice)
2020-07-20 12:27:57.704  INFO 1988 --- [main] r.i.s.SpringBootDemoApplication          : No active profile set, falling back to default profiles: default
2020-07-20 12:28:01.263  INFO 1988 --- [main] .s.d.r.c.RepositoryConfigurationDelegate : Bootstrapping Spring Data repositories in DEFAULT mode.
2020-07-20 12:28:01.411  INFO 1988 --- [main] .s.d.r.c.RepositoryConfigurationDelegate : Finished Spring Data repository scanning in 131ms. Found 2 repository interfaces.
2020-07-20 12:28:02.239  INFO 1988 --- [main] trationDelegate$BeanPostProcessorChecker : Bean 'org.springframework.transaction.annotation.ProxyTransactionManagementConfiguration' of type [org.springframework.transaction.annotation.ProxyTransactionManagementConfiguration$$EnhancerBySpringCGLIB$$2994bde2] is not eligible for getting processed by all BeanPostProcessors (for example: not eligible for auto-proxying)
2020-07-20 12:28:03.366  INFO 1988 --- [main] o.s.b.w.embedded.tomcat.TomcatWebServer  : Tomcat initialized with port(s): 80 (http)
2020-07-20 12:28:03.724  INFO 1988 --- [main] o.apache.catalina.core.StandardService   : Starting service [Tomcat]
2020-07-20 12:28:03.725  INFO 1988 --- [main] org.apache.catalina.core.StandardEngine  : Starting Servlet engine: [Apache Tomcat/9.0.17]
2020-07-20 12:28:04.153  INFO 1988 --- [main] o.a.c.c.C.[Tomcat].[localhost].[/]       : Initializing Spring embedded WebApplicationContext
2020-07-20 12:28:04.154  INFO 1988 --- [main] o.s.web.context.ContextLoader            : Root WebApplicationContext: initialization completed in 6225 ms
2020-07-20 12:28:04.594  INFO 1988 --- [main] com.zaxxer.hikari.HikariDataSource       : HikariPool-1 - Starting...
2020-07-20 12:28:07.315  INFO 1988 --- [main] com.zaxxer.hikari.HikariDataSource       : HikariPool-1 - Start completed.
2020-07-20 12:28:07.512  INFO 1988 --- [main] o.hibernate.jpa.internal.util.LogHelper  : HHH000204: Processing PersistenceUnitInfo [
	name: default
	...]
2020-07-20 12:28:08.025  INFO 1988 --- [main] org.hibernate.Version                    : HHH000412: Hibernate Core {5.3.9.Final}
2020-07-20 12:28:08.029  INFO 1988 --- [main] org.hibernate.cfg.Environment            : HHH000206: hibernate.properties not found
2020-07-20 12:28:08.602  INFO 1988 --- [main] o.hibernate.annotations.common.Version   : HCANN000001: Hibernate Commons Annotations {5.0.4.Final}
2020-07-20 12:28:09.326  INFO 1988 --- [main] org.hibernate.dialect.Dialect            : HHH000400: Using dialect: org.hibernate.dialect.PostgreSQL95Dialect
2020-07-20 12:28:09.373  INFO 1988 --- [main] o.h.e.j.e.i.LobCreatorBuilderImpl        : HHH000422: Disabling contextual LOB creation as connection was null
2020-07-20 12:28:09.385  INFO 1988 --- [main] org.hibernate.type.BasicTypeRegistry     : HHH000270: Type registration [java.util.UUID] overrides previous : org.hibernate.type.UUIDBinaryType@7f5b9db
2020-07-20 12:28:14.916  INFO 1988 --- [main] j.LocalContainerEntityManagerFactoryBean : Initialized JPA EntityManagerFactory for persistence unit 'default'
2020-07-20 12:28:16.357  INFO 1988 --- [main] o.s.s.web.DefaultSecurityFilterChain     : Creating filter chain: any request, [org.springframework.security.web.context.request.async.WebAsyncManagerIntegrationFilter@2f04993d, org.springframework.security.web.context.SecurityContextPersistenceFilter@77c66a4f, org.springframework.security.web.header.HeaderWriterFilter@150fc7a7, org.springframework.security.web.authentication.logout.LogoutFilter@6b2aafbc, org.springframework.security.web.authentication.UsernamePasswordAuthenticationFilter@5bf4764d, org.springframework.security.web.savedrequest.RequestCacheAwareFilter@7a3f08b6, org.springframework.security.web.servletapi.SecurityContextHolderAwareRequestFilter@751d7425, org.springframework.security.web.authentication.AnonymousAuthenticationFilter@333398f, org.springframework.security.web.session.SessionManagementFilter@798cf6d2, org.springframework.security.web.access.ExceptionTranslationFilter@700b9e6b, org.springframework.security.web.access.intercept.FilterSecurityInterceptor@6ddc67d0]
2020-07-20 12:28:17.101  INFO 1988 --- [main] o.s.s.concurrent.ThreadPoolTaskExecutor  : Initializing ExecutorService 'applicationTaskExecutor'
2020-07-20 12:28:17.498  WARN 1988 --- [main] aWebConfiguration$JpaWebMvcConfiguration : spring.jpa.open-in-view is enabled by default. Therefore, database queries may be performed during view rendering. Explicitly configure spring.jpa.open-in-view to disable this warning
2020-07-20 12:28:17.640  INFO 1988 --- [main] o.s.b.a.w.s.WelcomePageHandlerMapping    : Adding welcome page template: index
2020-07-20 12:28:20.652  INFO 1988 --- [main] o.s.b.w.embedded.tomcat.TomcatWebServer  : Tomcat started on port(s): 80 (http) with context path ''
2020-07-20 12:28:20.655  INFO 1988 --- [main] r.i.s.SpringBootDemoApplication          : Started SpringBootDemoApplication in 24.513 seconds (JVM running for 28.549)
2020-07-20 12:28:30.649  INFO 1988 --- [http-nio-80-exec-1] o.apache.tomcat.util.http.parser.Cookie  : A cookie header was received [0; __hstc=181257784.227cc99ebc38c7c4d1377c8c8742cd10.1594557719553.1594664476892.1594672067987.5; __cid=30a47e81-1f5c-4c72-9652-342574dcc5d2-938fb69c7061bffb4617a15c; tmr_reqNum=446; _gid=GA1.1.1737646298.1595232274] that contained an invalid cookie. That cookie will be ignored.
 Note: further occurrences of this error will be logged at DEBUG level.
2020-07-20 12:28:30.669  INFO 1988 --- [http-nio-80-exec-1] o.a.c.c.C.[Tomcat].[localhost].[/]       : Initializing Spring DispatcherServlet 'dispatcherServlet'
2020-07-20 12:28:30.670  INFO 1988 --- [http-nio-80-exec-1] o.s.web.servlet.DispatcherServlet        : Initializing Servlet 'dispatcherServlet'
2020-07-20 12:28:30.694  INFO 1988 --- [http-nio-80-exec-1] o.s.web.servlet.DispatcherServlet        : Completed initialization in 24 ms
2020-07-20 12:28:38.537  INFO 1988 --- [http-nio-80-exec-2] r.i.s.controllers.RootController         : url:  https://github.com, time: Mon Jul 20 12:28:38 MSK 2020, ip: 0:0:0:0:0:0:0:1 
2020-07-20 12:28:56.440  INFO 1988 --- [http-nio-80-exec-7] r.i.s.controllers.RootController         : url:  https://telegram.org, time: Mon Jul 20 12:28:56 MSK 2020, ip: 0:0:0:0:0:0:0:1 
2020-07-20 12:29:03.600  INFO 1988 --- [http-nio-80-exec-5] r.i.s.controllers.RootController         : url:  https://example.com, time: Mon Jul 20 12:29:03 MSK 2020, ip: 0:0:0:0:0:0:0:1 
2020-07-20 12:29:11.016  INFO 1988 --- [http-nio-80-exec-6] r.i.s.controllers.RootController         : url:  https://mail.ru, time: Mon Jul 20 12:29:11 MSK 2020, ip: 0:0:0:0:0:0:0:1 
2020-07-20 12:29:12.681  INFO 1988 --- [http-nio-80-exec-1] r.i.s.controllers.RootController         : url:  https://mail.ru, time: Mon Jul 20 12:29:12 MSK 2020, ip: 0:0:0:0:0:0:0:1 
2020-07-20 12:29:24.293  INFO 1988 --- [http-nio-80-exec-5] r.i.s.controllers.RootController         : url:  https://steamcommunity.com, time: Mon Jul 20 12:29:24 MSK 2020, ip: 0:0:0:0:0:0:0:1 
2020-07-20 16:57:52.845  INFO 1072 --- [main] r.i.s.UsersRequestServiceTest            : Starting UsersRequestServiceTest on DESKTOP-DDH3L4K with PID 1072 (started by moi komputer in C:\Users\moi komputer\Desktop\practice)
2020-07-20 16:57:52.847  INFO 1072 --- [main] r.i.s.UsersRequestServiceTest            : No active profile set, falling back to default profiles: default
2020-07-20 16:57:58.103  INFO 1072 --- [main] .s.d.r.c.RepositoryConfigurationDelegate : Bootstrapping Spring Data repositories in DEFAULT mode.
2020-07-20 16:57:58.915  INFO 1072 --- [main] .s.d.r.c.RepositoryConfigurationDelegate : Finished Spring Data repository scanning in 731ms. Found 2 repository interfaces.
2020-07-20 16:58:01.771  INFO 1072 --- [main] trationDelegate$BeanPostProcessorChecker : Bean 'org.springframework.transaction.annotation.ProxyTransactionManagementConfiguration' of type [org.springframework.transaction.annotation.ProxyTransactionManagementConfiguration$$EnhancerBySpringCGLIB$$8954a230] is not eligible for getting processed by all BeanPostProcessors (for example: not eligible for auto-proxying)
2020-07-20 16:58:03.232  INFO 1072 --- [main] com.zaxxer.hikari.HikariDataSource       : HikariPool-1 - Starting...
2020-07-20 16:58:06.950  INFO 1072 --- [main] com.zaxxer.hikari.HikariDataSource       : HikariPool-1 - Start completed.
2020-07-20 16:58:07.271  INFO 1072 --- [main] o.hibernate.jpa.internal.util.LogHelper  : HHH000204: Processing PersistenceUnitInfo [
	name: default
	...]
2020-07-20 16:58:07.605  INFO 1072 --- [main] org.hibernate.Version                    : HHH000412: Hibernate Core {5.3.9.Final}
2020-07-20 16:58:07.608  INFO 1072 --- [main] org.hibernate.cfg.Environment            : HHH000206: hibernate.properties not found
2020-07-20 16:58:08.225  INFO 1072 --- [main] o.hibernate.annotations.common.Version   : HCANN000001: Hibernate Commons Annotations {5.0.4.Final}
2020-07-20 16:58:08.819  INFO 1072 --- [main] org.hibernate.dialect.Dialect            : HHH000400: Using dialect: org.hibernate.dialect.PostgreSQL95Dialect
2020-07-20 16:58:08.868  INFO 1072 --- [main] o.h.e.j.e.i.LobCreatorBuilderImpl        : HHH000422: Disabling contextual LOB creation as connection was null
2020-07-20 16:58:08.892  INFO 1072 --- [main] org.hibernate.type.BasicTypeRegistry     : HHH000270: Type registration [java.util.UUID] overrides previous : org.hibernate.type.UUIDBinaryType@47b11ec7
2020-07-20 16:58:17.949  INFO 1072 --- [main] j.LocalContainerEntityManagerFactoryBean : Initialized JPA EntityManagerFactory for persistence unit 'default'
2020-07-20 16:58:20.712  INFO 1072 --- [main] o.s.s.web.DefaultSecurityFilterChain     : Creating filter chain: any request, [org.springframework.security.web.context.request.async.WebAsyncManagerIntegrationFilter@1eab8437, org.springframework.security.web.context.SecurityContextPersistenceFilter@52d96367, org.springframework.security.web.header.HeaderWriterFilter@2ba9f986, org.springframework.security.web.authentication.logout.LogoutFilter@22b82ddf, org.springframework.security.web.authentication.UsernamePasswordAuthenticationFilter@7ef8e623, org.springframework.security.web.savedrequest.RequestCacheAwareFilter@3302035b, org.springframework.security.web.servletapi.SecurityContextHolderAwareRequestFilter@21be14c2, org.springframework.security.web.authentication.AnonymousAuthenticationFilter@72eed547, org.springframework.security.web.session.SessionManagementFilter@70f4f89e, org.springframework.security.web.access.ExceptionTranslationFilter@25218a4d, org.springframework.security.web.access.intercept.FilterSecurityInterceptor@64910b2d]
2020-07-20 16:58:22.435  INFO 1072 --- [main] o.s.s.concurrent.ThreadPoolTaskExecutor  : Initializing ExecutorService 'applicationTaskExecutor'
2020-07-20 16:58:23.017  WARN 1072 --- [main] aWebConfiguration$JpaWebMvcConfiguration : spring.jpa.open-in-view is enabled by default. Therefore, database queries may be performed during view rendering. Explicitly configure spring.jpa.open-in-view to disable this warning
2020-07-20 16:58:23.405  INFO 1072 --- [main] o.s.b.a.w.s.WelcomePageHandlerMapping    : Adding welcome page template: index
2020-07-20 16:58:24.653  INFO 1072 --- [main] r.i.s.UsersRequestServiceTest            : Started UsersRequestServiceTest in 33.226 seconds (JVM running for 38.173)
2020-07-20 16:58:25.373  INFO 1072 --- [main] o.h.h.i.QueryTranslatorFactoryInitiator  : HHH000397: Using ASTQueryTranslatorFactory
2020-07-20 16:58:27.671  INFO 1072 --- [Thread-3] o.s.s.concurrent.ThreadPoolTaskExecutor  : Shutting down ExecutorService 'applicationTaskExecutor'
2020-07-20 16:58:27.679  INFO 1072 --- [Thread-3] j.LocalContainerEntityManagerFactoryBean : Closing JPA EntityManagerFactory for persistence unit 'default'
2020-07-20 16:58:27.687  INFO 1072 --- [Thread-3] com.zaxxer.hikari.HikariDataSource       : HikariPool-1 - Shutdown initiated...
2020-07-20 16:58:27.723  INFO 1072 --- [Thread-3] com.zaxxer.hikari.HikariDataSource       : HikariPool-1 - Shutdown completed.
2020-07-20 17:37:16.329  INFO 6116 --- [main] r.i.s.SpringBootDemoApplication          : Starting SpringBootDemoApplication on DESKTOP-DDH3L4K with PID 6116 (started by moi komputer in C:\Users\moi komputer\Desktop\practice)
2020-07-20 17:37:16.367  INFO 6116 --- [main] r.i.s.SpringBootDemoApplication          : No active profile set, falling back to default profiles: default
2020-07-20 17:37:18.422  INFO 6116 --- [main] .s.d.r.c.RepositoryConfigurationDelegate : Bootstrapping Spring Data repositories in DEFAULT mode.
2020-07-20 17:37:18.578  INFO 6116 --- [main] .s.d.r.c.RepositoryConfigurationDelegate : Finished Spring Data repository scanning in 139ms. Found 2 repository interfaces.
2020-07-20 17:37:19.220  INFO 6116 --- [main] trationDelegate$BeanPostProcessorChecker : Bean 'org.springframework.transaction.annotation.ProxyTransactionManagementConfiguration' of type [org.springframework.transaction.annotation.ProxyTransactionManagementConfiguration$$EnhancerBySpringCGLIB$$b66eb3f4] is not eligible for getting processed by all BeanPostProcessors (for example: not eligible for auto-proxying)
2020-07-20 17:37:19.975  INFO 6116 --- [main] o.s.b.w.embedded.tomcat.TomcatWebServer  : Tomcat initialized with port(s): 80 (http)
2020-07-20 17:37:20.061  INFO 6116 --- [main] o.apache.catalina.core.StandardService   : Starting service [Tomcat]
2020-07-20 17:37:20.062  INFO 6116 --- [main] org.apache.catalina.core.StandardEngine  : Starting Servlet engine: [Apache Tomcat/9.0.17]
2020-07-20 17:37:20.353  INFO 6116 --- [main] o.a.c.c.C.[Tomcat].[localhost].[/]       : Initializing Spring embedded WebApplicationContext
2020-07-20 17:37:20.354  INFO 6116 --- [main] o.s.web.context.ContextLoader            : Root WebApplicationContext: initialization completed in 3876 ms
2020-07-20 17:37:20.644  INFO 6116 --- [main] com.zaxxer.hikari.HikariDataSource       : HikariPool-1 - Starting...
2020-07-20 17:37:23.277  INFO 6116 --- [main] com.zaxxer.hikari.HikariDataSource       : HikariPool-1 - Start completed.
2020-07-20 17:37:23.419  INFO 6116 --- [main] o.hibernate.jpa.internal.util.LogHelper  : HHH000204: Processing PersistenceUnitInfo [
	name: default
	...]
2020-07-20 17:37:23.822  INFO 6116 --- [main] org.hibernate.Version                    : HHH000412: Hibernate Core {5.3.9.Final}
2020-07-20 17:37:23.846  INFO 6116 --- [main] org.hibernate.cfg.Environment            : HHH000206: hibernate.properties not found
2020-07-20 17:37:24.302  INFO 6116 --- [main] o.hibernate.annotations.common.Version   : HCANN000001: Hibernate Commons Annotations {5.0.4.Final}
2020-07-20 17:37:24.653  INFO 6116 --- [main] org.hibernate.dialect.Dialect            : HHH000400: Using dialect: org.hibernate.dialect.PostgreSQL95Dialect
2020-07-20 17:37:24.702  INFO 6116 --- [main] o.h.e.j.e.i.LobCreatorBuilderImpl        : HHH000422: Disabling contextual LOB creation as connection was null
2020-07-20 17:37:24.712  INFO 6116 --- [main] org.hibernate.type.BasicTypeRegistry     : HHH000270: Type registration [java.util.UUID] overrides previous : org.hibernate.type.UUIDBinaryType@12e5da86
2020-07-20 17:37:31.197  INFO 6116 --- [main] j.LocalContainerEntityManagerFactoryBean : Initialized JPA EntityManagerFactory for persistence unit 'default'
2020-07-20 17:37:32.290  INFO 6116 --- [main] o.s.s.web.DefaultSecurityFilterChain     : Creating filter chain: any request, [org.springframework.security.web.context.request.async.WebAsyncManagerIntegrationFilter@96abc76, org.springframework.security.web.context.SecurityContextPersistenceFilter@5b066c33, org.springframework.security.web.header.HeaderWriterFilter@9690008, org.springframework.security.web.authentication.logout.LogoutFilter@45bbc52f, org.springframework.security.web.authentication.UsernamePasswordAuthenticationFilter@684ce74c, org.springframework.security.web.savedrequest.RequestCacheAwareFilter@47fb7ec9, org.springframework.security.web.servletapi.SecurityContextHolderAwareRequestFilter@10ed037a, org.springframework.security.web.authentication.AnonymousAuthenticationFilter@4d69d288, org.springframework.security.web.session.SessionManagementFilter@79cb8ffa, org.springframework.security.web.access.ExceptionTranslationFilter@2d22d3b1, org.springframework.security.web.access.intercept.FilterSecurityInterceptor@74697863]
2020-07-20 17:37:32.579  INFO 6116 --- [main] o.s.s.concurrent.ThreadPoolTaskExecutor  : Initializing ExecutorService 'applicationTaskExecutor'
2020-07-20 17:37:32.642  WARN 6116 --- [main] aWebConfiguration$JpaWebMvcConfiguration : spring.jpa.open-in-view is enabled by default. Therefore, database queries may be performed during view rendering. Explicitly configure spring.jpa.open-in-view to disable this warning
2020-07-20 17:37:32.758  INFO 6116 --- [main] o.s.b.a.w.s.WelcomePageHandlerMapping    : Adding welcome page template: index
2020-07-20 17:37:33.098  INFO 6116 --- [main] o.s.b.w.embedded.tomcat.TomcatWebServer  : Tomcat started on port(s): 80 (http) with context path ''
2020-07-20 17:37:33.102  INFO 6116 --- [main] r.i.s.SpringBootDemoApplication          : Started SpringBootDemoApplication in 18.012 seconds (JVM running for 20.837)
2020-07-20 17:37:35.027  INFO 6116 --- [http-nio-80-exec-1] o.apache.tomcat.util.http.parser.Cookie  : A cookie header was received [0; __hstc=181257784.227cc99ebc38c7c4d1377c8c8742cd10.1594557719553.1594664476892.1594672067987.5; __cid=30a47e81-1f5c-4c72-9652-342574dcc5d2-938fb69c7061bffb4617a15c; _gid=GA1.1.1737646298.1595232274; tmr_detect=1%7C1595237352963; tmr_reqNum=450] that contained an invalid cookie. That cookie will be ignored.
 Note: further occurrences of this error will be logged at DEBUG level.
2020-07-20 17:37:35.064  INFO 6116 --- [http-nio-80-exec-1] o.a.c.c.C.[Tomcat].[localhost].[/]       : Initializing Spring DispatcherServlet 'dispatcherServlet'
2020-07-20 17:37:35.065  INFO 6116 --- [http-nio-80-exec-1] o.s.web.servlet.DispatcherServlet        : Initializing Servlet 'dispatcherServlet'
2020-07-20 17:37:35.096  INFO 6116 --- [http-nio-80-exec-1] o.s.web.servlet.DispatcherServlet        : Completed initialization in 30 ms
2020-07-20 17:37:42.027  INFO 6116 --- [http-nio-80-exec-2] r.i.s.controllers.RootController         : url:  https://github.com, time: Mon Jul 20 17:37:42 MSK 2020, ip: 0:0:0:0:0:0:0:1 
2020-07-20 17:38:20.045  INFO 6116 --- [http-nio-80-exec-3] r.i.s.controllers.RootController         : url:  https://store.steampowered.com/about/?snr=1_14_4__global-header, time: Mon Jul 20 17:38:20 MSK 2020, ip: 0:0:0:0:0:0:0:1 
2020-07-20 17:38:22.901  WARN 6116 --- [http-nio-80-exec-4] .w.s.m.s.DefaultHandlerExceptionResolver : Resolved [org.springframework.web.HttpRequestMethodNotSupportedException: Request method 'POST' not supported]
2020-07-20 17:38:25.886  INFO 6116 --- [http-nio-80-exec-5] r.i.s.controllers.RootController         : url:  https://store.steampowered.com/about/?snr=1_14_4__global-header, time: Mon Jul 20 17:38:25 MSK 2020, ip: 0:0:0:0:0:0:0:1 
2020-07-20 17:38:27.774  WARN 6116 --- [http-nio-80-exec-6] .w.s.m.s.DefaultHandlerExceptionResolver : Resolved [org.springframework.web.HttpRequestMethodNotSupportedException: Request method 'POST' not supported]
2020-07-20 17:38:30.541  INFO 6116 --- [http-nio-80-exec-7] r.i.s.controllers.RootController         : url:  https://store.steampowered.com/about/?snr=1_14_4__global-header, time: Mon Jul 20 17:38:30 MSK 2020, ip: 0:0:0:0:0:0:0:1 
2020-07-20 17:38:55.381  WARN 6116 --- [http-nio-80-exec-9] .w.s.m.s.DefaultHandlerExceptionResolver : Resolved [org.springframework.web.HttpRequestMethodNotSupportedException: Request method 'POST' not supported]
2020-07-20 17:38:58.047  INFO 6116 --- [http-nio-80-exec-10] r.i.s.controllers.RootController         : url:  https://store.steampowered.com/about/?snr=1_14_4__global-header, time: Mon Jul 20 17:38:58 MSK 2020, ip: 0:0:0:0:0:0:0:1 
2020-07-20 17:39:30.108  INFO 6116 --- [http-nio-80-exec-1] r.i.s.controllers.RootController         : url:  https://store.steampowered.com/about/?snr=1_14_4__global-header, time: Mon Jul 20 17:39:30 MSK 2020, ip: 0:0:0:0:0:0:0:1 
2020-07-20 17:39:49.170  INFO 3556 --- [main] r.i.s.SpringBootDemoApplication          : Starting SpringBootDemoApplication on DESKTOP-DDH3L4K with PID 3556 (started by moi komputer in C:\Users\moi komputer\Desktop\practice)
2020-07-20 17:39:49.190  INFO 3556 --- [main] r.i.s.SpringBootDemoApplication          : No active profile set, falling back to default profiles: default
2020-07-20 17:39:51.191  INFO 3556 --- [main] .s.d.r.c.RepositoryConfigurationDelegate : Bootstrapping Spring Data repositories in DEFAULT mode.
2020-07-20 17:39:51.334  INFO 3556 --- [main] .s.d.r.c.RepositoryConfigurationDelegate : Finished Spring Data repository scanning in 128ms. Found 2 repository interfaces.
2020-07-20 17:39:52.009  INFO 3556 --- [main] trationDelegate$BeanPostProcessorChecker : Bean 'org.springframework.transaction.annotation.ProxyTransactionManagementConfiguration' of type [org.springframework.transaction.annotation.ProxyTransactionManagementConfiguration$$EnhancerBySpringCGLIB$$cd9f6485] is not eligible for getting processed by all BeanPostProcessors (for example: not eligible for auto-proxying)
2020-07-20 17:39:52.509  INFO 3556 --- [main] o.s.b.w.embedded.tomcat.TomcatWebServer  : Tomcat initialized with port(s): 80 (http)
2020-07-20 17:39:52.545  INFO 3556 --- [main] o.apache.catalina.core.StandardService   : Starting service [Tomcat]
2020-07-20 17:39:52.545  INFO 3556 --- [main] org.apache.catalina.core.StandardEngine  : Starting Servlet engine: [Apache Tomcat/9.0.17]
2020-07-20 17:39:52.773  INFO 3556 --- [main] o.a.c.c.C.[Tomcat].[localhost].[/]       : Initializing Spring embedded WebApplicationContext
2020-07-20 17:39:52.773  INFO 3556 --- [main] o.s.web.context.ContextLoader            : Root WebApplicationContext: initialization completed in 3393 ms
2020-07-20 17:39:53.014  INFO 3556 --- [main] com.zaxxer.hikari.HikariDataSource       : HikariPool-1 - Starting...
2020-07-20 17:39:55.477  INFO 3556 --- [main] com.zaxxer.hikari.HikariDataSource       : HikariPool-1 - Start completed.
2020-07-20 17:39:55.551  INFO 3556 --- [main] o.hibernate.jpa.internal.util.LogHelper  : HHH000204: Processing PersistenceUnitInfo [
	name: default
	...]
2020-07-20 17:39:55.647  INFO 3556 --- [main] org.hibernate.Version                    : HHH000412: Hibernate Core {5.3.9.Final}
2020-07-20 17:39:55.650  INFO 3556 --- [main] org.hibernate.cfg.Environment            : HHH000206: hibernate.properties not found
2020-07-20 17:39:55.864  INFO 3556 --- [main] o.hibernate.annotations.common.Version   : HCANN000001: Hibernate Commons Annotations {5.0.4.Final}
2020-07-20 17:39:56.077  INFO 3556 --- [main] org.hibernate.dialect.Dialect            : HHH000400: Using dialect: org.hibernate.dialect.PostgreSQL95Dialect
2020-07-20 17:39:56.103  INFO 3556 --- [main] o.h.e.j.e.i.LobCreatorBuilderImpl        : HHH000422: Disabling contextual LOB creation as connection was null
2020-07-20 17:39:56.113  INFO 3556 --- [main] org.hibernate.type.BasicTypeRegistry     : HHH000270: Type registration [java.util.UUID] overrides previous : org.hibernate.type.UUIDBinaryType@61bfc9bf
2020-07-20 17:40:01.783  INFO 3556 --- [main] j.LocalContainerEntityManagerFactoryBean : Initialized JPA EntityManagerFactory for persistence unit 'default'
2020-07-20 17:40:03.249  INFO 3556 --- [main] o.s.s.web.DefaultSecurityFilterChain     : Creating filter chain: any request, [org.springframework.security.web.context.request.async.WebAsyncManagerIntegrationFilter@682618e5, org.springframework.security.web.context.SecurityContextPersistenceFilter@7cf8f45a, org.springframework.security.web.header.HeaderWriterFilter@7eaa2bc6, org.springframework.security.web.authentication.logout.LogoutFilter@60deefed, org.springframework.security.web.authentication.UsernamePasswordAuthenticationFilter@40a1b6d4, org.springframework.security.web.savedrequest.RequestCacheAwareFilter@204d9edf, org.springframework.security.web.servletapi.SecurityContextHolderAwareRequestFilter@42d9e8d2, org.springframework.security.web.authentication.AnonymousAuthenticationFilter@25ad25f5, org.springframework.security.web.session.SessionManagementFilter@4d81e83a, org.springframework.security.web.access.ExceptionTranslationFilter@67d8faec, org.springframework.security.web.access.intercept.FilterSecurityInterceptor@333398f]
2020-07-20 17:40:03.576  INFO 3556 --- [main] o.s.s.concurrent.ThreadPoolTaskExecutor  : Initializing ExecutorService 'applicationTaskExecutor'
2020-07-20 17:40:03.665  WARN 3556 --- [main] aWebConfiguration$JpaWebMvcConfiguration : spring.jpa.open-in-view is enabled by default. Therefore, database queries may be performed during view rendering. Explicitly configure spring.jpa.open-in-view to disable this warning
2020-07-20 17:40:03.776  INFO 3556 --- [main] o.s.b.a.w.s.WelcomePageHandlerMapping    : Adding welcome page template: index
2020-07-20 17:40:04.033  INFO 3556 --- [main] o.s.b.w.embedded.tomcat.TomcatWebServer  : Tomcat started on port(s): 80 (http) with context path ''
2020-07-20 17:40:04.036  INFO 3556 --- [main] r.i.s.SpringBootDemoApplication          : Started SpringBootDemoApplication in 15.957 seconds (JVM running for 18.522)
2020-07-20 17:40:10.285  INFO 3556 --- [http-nio-80-exec-1] o.apache.tomcat.util.http.parser.Cookie  : A cookie header was received [0; __hstc=181257784.227cc99ebc38c7c4d1377c8c8742cd10.1594557719553.1594664476892.1594672067987.5; __cid=30a47e81-1f5c-4c72-9652-342574dcc5d2-938fb69c7061bffb4617a15c; _gid=GA1.1.1737646298.1595232274; tmr_detect=1%7C1595237352963; tmr_reqNum=450; _gat=1] that contained an invalid cookie. That cookie will be ignored.
 Note: further occurrences of this error will be logged at DEBUG level.
2020-07-20 17:40:10.298  INFO 3556 --- [http-nio-80-exec-1] o.a.c.c.C.[Tomcat].[localhost].[/]       : Initializing Spring DispatcherServlet 'dispatcherServlet'
2020-07-20 17:40:10.298  INFO 3556 --- [http-nio-80-exec-1] o.s.web.servlet.DispatcherServlet        : Initializing Servlet 'dispatcherServlet'
2020-07-20 17:40:10.314  INFO 3556 --- [http-nio-80-exec-1] o.s.web.servlet.DispatcherServlet        : Completed initialization in 16 ms
2020-07-20 17:40:11.950  INFO 3556 --- [http-nio-80-exec-1] r.i.s.controllers.RootController         : url:  https://store.steampowered.com/about/?snr=1_14_4__global-header, time: Mon Jul 20 17:40:11 MSK 2020, ip: 0:0:0:0:0:0:0:1 
2020-07-20 17:41:59.870  INFO 8436 --- [main] r.i.s.SpringBootDemoApplication          : Starting SpringBootDemoApplication on DESKTOP-DDH3L4K with PID 8436 (started by moi komputer in C:\Users\moi komputer\Desktop\practice)
2020-07-20 17:41:59.880  INFO 8436 --- [main] r.i.s.SpringBootDemoApplication          : No active profile set, falling back to default profiles: default
2020-07-20 17:42:02.243  INFO 8436 --- [main] .s.d.r.c.RepositoryConfigurationDelegate : Bootstrapping Spring Data repositories in DEFAULT mode.
2020-07-20 17:42:02.414  INFO 8436 --- [main] .s.d.r.c.RepositoryConfigurationDelegate : Finished Spring Data repository scanning in 152ms. Found 2 repository interfaces.
2020-07-20 17:42:03.217  INFO 8436 --- [main] trationDelegate$BeanPostProcessorChecker : Bean 'org.springframework.transaction.annotation.ProxyTransactionManagementConfiguration' of type [org.springframework.transaction.annotation.ProxyTransactionManagementConfiguration$$EnhancerBySpringCGLIB$$b2006fcd] is not eligible for getting processed by all BeanPostProcessors (for example: not eligible for auto-proxying)
2020-07-20 17:42:03.817  INFO 8436 --- [main] o.s.b.w.embedded.tomcat.TomcatWebServer  : Tomcat initialized with port(s): 80 (http)
2020-07-20 17:42:03.856  INFO 8436 --- [main] o.apache.catalina.core.StandardService   : Starting service [Tomcat]
2020-07-20 17:42:03.857  INFO 8436 --- [main] org.apache.catalina.core.StandardEngine  : Starting Servlet engine: [Apache Tomcat/9.0.17]
2020-07-20 17:42:04.171  INFO 8436 --- [main] o.a.c.c.C.[Tomcat].[localhost].[/]       : Initializing Spring embedded WebApplicationContext
2020-07-20 17:42:04.172  INFO 8436 --- [main] o.s.web.context.ContextLoader            : Root WebApplicationContext: initialization completed in 4106 ms
2020-07-20 17:42:04.516  INFO 8436 --- [main] com.zaxxer.hikari.HikariDataSource       : HikariPool-1 - Starting...
2020-07-20 17:42:07.189  INFO 8436 --- [main] com.zaxxer.hikari.HikariDataSource       : HikariPool-1 - Start completed.
2020-07-20 17:42:07.275  INFO 8436 --- [main] o.hibernate.jpa.internal.util.LogHelper  : HHH000204: Processing PersistenceUnitInfo [
	name: default
	...]
2020-07-20 17:42:07.391  INFO 8436 --- [main] org.hibernate.Version                    : HHH000412: Hibernate Core {5.3.9.Final}
2020-07-20 17:42:07.401  INFO 8436 --- [main] org.hibernate.cfg.Environment            : HHH000206: hibernate.properties not found
2020-07-20 17:42:07.642  INFO 8436 --- [main] o.hibernate.annotations.common.Version   : HCANN000001: Hibernate Commons Annotations {5.0.4.Final}
2020-07-20 17:42:07.892  INFO 8436 --- [main] org.hibernate.dialect.Dialect            : HHH000400: Using dialect: org.hibernate.dialect.PostgreSQL95Dialect
2020-07-20 17:42:07.922  INFO 8436 --- [main] o.h.e.j.e.i.LobCreatorBuilderImpl        : HHH000422: Disabling contextual LOB creation as connection was null
2020-07-20 17:42:07.933  INFO 8436 --- [main] org.hibernate.type.BasicTypeRegistry     : HHH000270: Type registration [java.util.UUID] overrides previous : org.hibernate.type.UUIDBinaryType@4e49ce2b
2020-07-20 17:42:13.680  INFO 8436 --- [main] j.LocalContainerEntityManagerFactoryBean : Initialized JPA EntityManagerFactory for persistence unit 'default'
2020-07-20 17:42:14.752  INFO 8436 --- [main] o.s.s.web.DefaultSecurityFilterChain     : Creating filter chain: any request, [org.springframework.security.web.context.request.async.WebAsyncManagerIntegrationFilter@26c7b1c6, org.springframework.security.web.context.SecurityContextPersistenceFilter@65600fb3, org.springframework.security.web.header.HeaderWriterFilter@71c0b742, org.springframework.security.web.authentication.logout.LogoutFilter@6d874695, org.springframework.security.web.authentication.UsernamePasswordAuthenticationFilter@2c47a053, org.springframework.security.web.savedrequest.RequestCacheAwareFilter@7ea71fc2, org.springframework.security.web.servletapi.SecurityContextHolderAwareRequestFilter@79cb8ffa, org.springframework.security.web.authentication.AnonymousAuthenticationFilter@19526f1d, org.springframework.security.web.session.SessionManagementFilter@73e1ecd0, org.springframework.security.web.access.ExceptionTranslationFilter@2abc55c4, org.springframework.security.web.access.intercept.FilterSecurityInterceptor@4cc8d70d]
2020-07-20 17:42:15.051  INFO 8436 --- [main] o.s.s.concurrent.ThreadPoolTaskExecutor  : Initializing ExecutorService 'applicationTaskExecutor'
2020-07-20 17:42:15.158  WARN 8436 --- [main] aWebConfiguration$JpaWebMvcConfiguration : spring.jpa.open-in-view is enabled by default. Therefore, database queries may be performed during view rendering. Explicitly configure spring.jpa.open-in-view to disable this warning
2020-07-20 17:42:15.287  INFO 8436 --- [main] o.s.b.a.w.s.WelcomePageHandlerMapping    : Adding welcome page template: index
2020-07-20 17:42:15.609  INFO 8436 --- [main] o.s.b.w.embedded.tomcat.TomcatWebServer  : Tomcat started on port(s): 80 (http) with context path ''
2020-07-20 17:42:15.614  INFO 8436 --- [main] r.i.s.SpringBootDemoApplication          : Started SpringBootDemoApplication in 16.733 seconds (JVM running for 25.301)
2020-07-20 17:42:18.290  INFO 8436 --- [http-nio-80-exec-1] o.apache.tomcat.util.http.parser.Cookie  : A cookie header was received [0; __hstc=181257784.227cc99ebc38c7c4d1377c8c8742cd10.1594557719553.1594664476892.1594672067987.5; __cid=30a47e81-1f5c-4c72-9652-342574dcc5d2-938fb69c7061bffb4617a15c; _gid=GA1.1.1737646298.1595232274; tmr_detect=1%7C1595237352963; tmr_reqNum=450; _gat=1] that contained an invalid cookie. That cookie will be ignored.
 Note: further occurrences of this error will be logged at DEBUG level.
2020-07-20 17:42:18.307  INFO 8436 --- [http-nio-80-exec-1] o.a.c.c.C.[Tomcat].[localhost].[/]       : Initializing Spring DispatcherServlet 'dispatcherServlet'
2020-07-20 17:42:18.307  INFO 8436 --- [http-nio-80-exec-1] o.s.web.servlet.DispatcherServlet        : Initializing Servlet 'dispatcherServlet'
2020-07-20 17:42:18.325  INFO 8436 --- [http-nio-80-exec-1] o.s.web.servlet.DispatcherServlet        : Completed initialization in 17 ms
2020-07-20 17:42:18.398  WARN 8436 --- [http-nio-80-exec-1] .w.s.m.s.DefaultHandlerExceptionResolver : Resolved [org.springframework.web.HttpRequestMethodNotSupportedException: Request method 'POST' not supported]
2020-07-20 17:42:20.833  INFO 8436 --- [http-nio-80-exec-2] r.i.s.controllers.RootController         : url:  https://store.steampowered.com/about/?snr=1_14_4__global-header, time: Mon Jul 20 17:42:20 MSK 2020, ip: 0:0:0:0:0:0:0:1 
2020-07-20 17:42:51.094  INFO 8436 --- [http-nio-80-exec-3] r.i.s.controllers.RootController         : url:  https://store.steampowered.com/about/?snr=1_14_4__global-header, time: Mon Jul 20 17:42:51 MSK 2020, ip: 0:0:0:0:0:0:0:1 
